[baseline-browser-mapping] The data in this module is over two months old.  To ensure accurate Baseline data, please update: `npm i baseline-browser-mapping@latest -D`
- Building...

[baseline-browser-mapping] The data in this module is over two months old.  To ensure accurate Baseline data, please update: `npm i baseline-browser-mapping@latest -D`
[baseline-browser-mapping] The data in this module is over two months old.  To ensure accurate Baseline data, please update: `npm i baseline-browser-mapping@latest -D`
[baseline-browser-mapping] The data in this module is over two months old.  To ensure accurate Baseline data, please update: `npm i baseline-browser-mapping@latest -D`
[baseline-browser-mapping] The data in this module is over two months old.  To ensure accurate Baseline data, please update: `npm i baseline-browser-mapping@latest -D`
Application bundle generation failed. [6.824 seconds]

X [ERROR] C:\Users\admin-beats\OneDrive\xo Vibe Coding xo\iptvnator\open-tv\src\app\home\home.component.ts: Unexpected token (35:0)

  33 |     transition('hidden => visible', [animate('250ms ease-in')]),
  34 | ]),
> 35 | ;
     | ^
  36 | export class HomeComponent {
  37 |     scrollToTop() {
  38 |         window.scrollTo({ top: 0, behavior: 'smooth' }); [plugin angular-compiler]

    src/app/app.module.ts:19:30:
      19 Γöé import { HomeComponent } from './home/home.component';
         Γò╡                               ~~~~~~~~~~~~~~~~~~~~~~~


X [ERROR] TS-996001: The class 'HomeComponent' is listed in the declarations of the NgModule 'AppModule', but is not a directive, a component, or a pipe. Either remove it from the NgModule's declarations, or add an appropriate Angular decorator. [plugin angular-compiler]

    src/app/app.module.ts:47:4:
      47 Γöé     HomeComponent,
         Γò╡     ~~~~~~~~~~~~~

  'HomeComponent' is declared here.

    src/app/home/home.component.ts:105:13:
      105 Γöé export class HomeComponent implements AfterViewInit, OnDestroy {
          Γò╡              ~~~~~~~~~~~~~


X [ERROR] TS1003: Identifier expected. [plugin angular-compiler]

    src/app/home/home.component.ts:77:12:
      77 Γöé     trigger('fadeInOut', [
         Γò╡             ~~~~~~~~~~~


X [ERROR] TS1138: Parameter declaration expected. [plugin angular-compiler]

    src/app/home/home.component.ts:77:23:
      77 Γöé     trigger('fadeInOut', [
         Γò╡                        ^


X [ERROR] TS1005: ',' expected. [plugin angular-compiler]

    src/app/home/home.component.ts:78:16:
      78 Γöé       transition(':enter', [
         Γò╡                 ^


X [ERROR] TS1135: Argument expression expected. [plugin angular-compiler]

    src/app/home/home.component.ts:86:4:
      86 Γöé     ]),
         Γò╡     ^


X [ERROR] TS1146: Declaration expected. [plugin angular-compiler]

    src/app/home/home.component.ts:86:6:
      86 Γöé     ]),
         Γò╡       ^


X [ERROR] TS1109: Expression expected. [plugin angular-compiler]

    src/app/home/home.component.ts:103:2:
      103 Γöé   ],
          Γò╡   ^


X [ERROR] TS1128: Declaration or statement expected. [plugin angular-compiler]

    src/app/home/home.component.ts:103:3:
      103 Γöé   ],
          Γò╡    ^


X [ERROR] TS1128: Declaration or statement expected. [plugin angular-compiler]

    src/app/home/home.component.ts:104:0:
      104 Γöé })
          Γò╡ ^


X [ERROR] TS1128: Declaration or statement expected. [plugin angular-compiler]

    src/app/home/home.component.ts:104:1:
      104 Γöé })
          Γò╡  ^


X [ERROR] TS-992007: Class is using Angular features but is not decorated. Please add an explicit Angular decorator. [plugin angular-compiler]

    src/app/home/home.component.ts:105:13:
      105 Γöé export class HomeComponent implements AfterViewInit, OnDestroy {
          Γò╡              ~~~~~~~~~~~~~


